<?xml version="1.0" encoding="UTF-8"?>
<testng-results ignored="0" total="3" passed="2" failed="1" skipped="0">
  <reporter-output>
  </reporter-output>
  <suite started-at="2022-05-26T00:57:40Z" name="Default suite" finished-at="2022-05-26T00:59:38Z" duration-ms="117960">
    <groups>
    </groups>
    <test started-at="2022-05-26T00:57:40Z" name="Default test" finished-at="2022-05-26T00:59:38Z" duration-ms="117960">
      <class name="pack.PopTest">
        <test-method is-config="true" signature="launchobrowser()[pri:0, instance:pack.PopTest@132e0cc]" started-at="2022-05-26T00:57:41Z" name="launchobrowser" finished-at="2022-05-26T00:58:00Z" duration-ms="19869" status="PASS">
          <reporter-output>
          </reporter-output>
        </test-method> <!-- launchobrowser -->
        <test-method signature="laptoptest()[pri:0, instance:pack.PopTest@132e0cc]" started-at="2022-05-26T00:58:00Z" name="laptoptest" finished-at="2022-05-26T00:58:25Z" duration-ms="24666" status="PASS">
          <reporter-output>
          </reporter-output>
        </test-method> <!-- laptoptest -->
        <test-method is-config="true" signature="closebrowser()[pri:0, instance:pack.PopTest@132e0cc]" started-at="2022-05-26T00:58:25Z" name="closebrowser" finished-at="2022-05-26T00:58:26Z" duration-ms="726" status="PASS">
          <reporter-output>
          </reporter-output>
        </test-method> <!-- closebrowser -->
        <test-method is-config="true" signature="launchobrowser()[pri:0, instance:pack.PopTest@132e0cc]" started-at="2022-05-26T00:58:26Z" name="launchobrowser" finished-at="2022-05-26T00:58:36Z" duration-ms="10191" status="PASS">
          <reporter-output>
          </reporter-output>
        </test-method> <!-- launchobrowser -->
        <test-method signature="spketest()[pri:0, instance:pack.PopTest@132e0cc]" started-at="2022-05-26T00:58:36Z" name="spketest" finished-at="2022-05-26T00:59:03Z" duration-ms="26692" status="FAIL">
          <exception class="java.lang.AssertionError">
            <message>
              <![CDATA[expected and actual are not same expected [true] but found [false]]]>
            </message>
            <full-stacktrace>
              <![CDATA[java.lang.AssertionError: expected and actual are not same expected [true] but found [false]
at org.testng.Assert.fail(Assert.java:96)
at org.testng.Assert.failNotEquals(Assert.java:776)
at org.testng.Assert.assertTrue(Assert.java:44)
at pack.PopTest.spketest(PopTest.java:116)
at java.base/jdk.internal.reflect.NativeMethodAccessorImpl.invoke0(Native Method)
at java.base/jdk.internal.reflect.NativeMethodAccessorImpl.invoke(NativeMethodAccessorImpl.java:77)
at java.base/jdk.internal.reflect.DelegatingMethodAccessorImpl.invoke(DelegatingMethodAccessorImpl.java:43)
at java.base/java.lang.reflect.Method.invoke(Method.java:568)
at org.testng.internal.MethodInvocationHelper.invokeMethod(MethodInvocationHelper.java:124)
at org.testng.internal.Invoker.invokeMethod(Invoker.java:583)
at org.testng.internal.Invoker.invokeTestMethod(Invoker.java:719)
at org.testng.internal.Invoker.invokeTestMethods(Invoker.java:989)
at org.testng.internal.TestMethodWorker.invokeTestMethods(TestMethodWorker.java:125)
at org.testng.internal.TestMethodWorker.run(TestMethodWorker.java:109)
at org.testng.TestRunner.privateRun(TestRunner.java:648)
at org.testng.TestRunner.run(TestRunner.java:505)
at org.testng.SuiteRunner.runTest(SuiteRunner.java:455)
at org.testng.SuiteRunner.runSequentially(SuiteRunner.java:450)
at org.testng.SuiteRunner.privateRun(SuiteRunner.java:415)
at org.testng.SuiteRunner.run(SuiteRunner.java:364)
at org.testng.SuiteRunnerWorker.runSuite(SuiteRunnerWorker.java:52)
at org.testng.SuiteRunnerWorker.run(SuiteRunnerWorker.java:84)
at org.testng.TestNG.runSuitesSequentially(TestNG.java:1208)
at org.testng.TestNG.runSuitesLocally(TestNG.java:1137)
at org.testng.TestNG.runSuites(TestNG.java:1049)
at org.testng.TestNG.run(TestNG.java:1017)
at org.testng.remote.AbstractRemoteTestNG.run(AbstractRemoteTestNG.java:115)
at org.testng.remote.RemoteTestNG.initAndRun(RemoteTestNG.java:251)
at org.testng.remote.RemoteTestNG.main(RemoteTestNG.java:77)
]]>
            </full-stacktrace>
          </exception> <!-- java.lang.AssertionError -->
          <reporter-output>
          </reporter-output>
        </test-method> <!-- spketest -->
        <test-method is-config="true" signature="closebrowser()[pri:0, instance:pack.PopTest@132e0cc]" started-at="2022-05-26T00:59:03Z" name="closebrowser" finished-at="2022-05-26T00:59:03Z" duration-ms="517" status="PASS">
          <reporter-output>
          </reporter-output>
        </test-method> <!-- closebrowser -->
        <test-method is-config="true" signature="launchobrowser()[pri:0, instance:pack.PopTest@132e0cc]" started-at="2022-05-26T00:59:03Z" name="launchobrowser" finished-at="2022-05-26T00:59:15Z" duration-ms="12041" status="PASS">
          <reporter-output>
          </reporter-output>
        </test-method> <!-- launchobrowser -->
        <test-method signature="tabletest()[pri:0, instance:pack.PopTest@132e0cc]" started-at="2022-05-26T00:59:15Z" name="tabletest" finished-at="2022-05-26T00:59:38Z" duration-ms="22668" status="PASS">
          <reporter-output>
          </reporter-output>
        </test-method> <!-- tabletest -->
        <test-method is-config="true" signature="closebrowser()[pri:0, instance:pack.PopTest@132e0cc]" started-at="2022-05-26T00:59:38Z" name="closebrowser" finished-at="2022-05-26T00:59:38Z" duration-ms="535" status="PASS">
          <reporter-output>
          </reporter-output>
        </test-method> <!-- closebrowser -->
      </class> <!-- pack.PopTest -->
    </test> <!-- Default test -->
  </suite> <!-- Default suite -->
</testng-results>
